<?xml version="1.0" encoding="UTF-8"?>
<coverage generated="1570412662367" clover="3.2.0">
  <project timestamp="1570412662367" name="All files">
    <metrics statements="36" coveredstatements="36" conditionals="6" coveredconditionals="5" methods="5" coveredmethods="5" elements="47" coveredelements="46" complexity="0" loc="36" ncloc="36" packages="2" files="4" classes="4"/>
    <package name="dist">
      <metrics statements="5" coveredstatements="5" conditionals="2" coveredconditionals="1" methods="1" coveredmethods="1"/>
      <file name="index.js" path="/Users/tylercaceres/code/multiple-faker/dist/index.js">
        <metrics statements="5" coveredstatements="5" conditionals="2" coveredconditionals="1" methods="1" coveredmethods="1"/>
        <line num="1" count="1" type="stmt"/>
        <line num="2" count="1" type="stmt"/>
        <line num="4" count="1" type="stmt"/>
        <line num="5" count="8" type="cond" truecount="1" falsecount="1"/>
        <line num="8" count="1" type="stmt"/>
      </file>
    </package>
    <package name="dist.functions">
      <metrics statements="31" coveredstatements="31" conditionals="4" coveredconditionals="4" methods="4" coveredmethods="4"/>
      <file name="create.js" path="/Users/tylercaceres/code/multiple-faker/dist/functions/create.js">
        <metrics statements="10" coveredstatements="10" conditionals="0" coveredconditionals="0" methods="1" coveredmethods="1"/>
        <line num="1" count="2" type="stmt"/>
        <line num="3" count="2" type="stmt"/>
        <line num="4" count="15" type="stmt"/>
        <line num="5" count="15" type="stmt"/>
        <line num="6" count="515" type="stmt"/>
        <line num="7" count="515" type="stmt"/>
        <line num="8" count="1545" type="stmt"/>
        <line num="9" count="2575" type="stmt"/>
        <line num="13" count="15" type="stmt"/>
        <line num="16" count="2" type="stmt"/>
      </file>
      <file name="mockData.js" path="/Users/tylercaceres/code/multiple-faker/dist/functions/mockData.js">
        <metrics statements="7" coveredstatements="7" conditionals="0" coveredconditionals="0" methods="0" coveredmethods="0"/>
        <line num="1" count="3" type="stmt"/>
        <line num="7" count="3" type="stmt"/>
        <line num="13" count="3" type="stmt"/>
        <line num="19" count="3" type="stmt"/>
        <line num="20" count="3" type="stmt"/>
        <line num="21" count="3" type="stmt"/>
        <line num="23" count="3" type="stmt"/>
      </file>
      <file name="verify.js" path="/Users/tylercaceres/code/multiple-faker/dist/functions/verify.js">
        <metrics statements="14" coveredstatements="14" conditionals="4" coveredconditionals="4" methods="3" coveredmethods="3"/>
        <line num="1" count="2" type="stmt"/>
        <line num="3" count="2" type="stmt"/>
        <line num="4" count="31" type="cond" truecount="2" falsecount="0"/>
        <line num="5" count="2" type="stmt"/>
        <line num="7" count="29" type="stmt"/>
        <line num="8" count="53" type="stmt"/>
        <line num="12" count="2" type="stmt"/>
        <line num="13" count="53" type="cond" truecount="2" falsecount="0"/>
        <line num="14" count="2" type="stmt"/>
        <line num="18" count="2" type="stmt"/>
        <line num="19" count="11" type="stmt"/>
        <line num="20" count="31" type="stmt"/>
        <line num="22" count="7" type="stmt"/>
        <line num="25" count="2" type="stmt"/>
      </file>
    </package>
  </project>
</coverage>
