{"/Users/tylercaceres/code/multiple-faker/dist/index.js": {"path":"/Users/tylercaceres/code/multiple-faker/dist/index.js","statementMap":{"0":{"start":{"line":1,"column":28},"end":{"line":1,"column":57}},"1":{"start":{"line":2,"column":29},"end":{"line":2,"column":58}},"2":{"start":{"line":4,"column":23},"end":{"line":6,"column":1}},"3":{"start":{"line":5,"column":2},"end":{"line":5,"column":69}},"4":{"start":{"line":8,"column":0},"end":{"line":8,"column":32}}},"fnMap":{"0":{"name":"(anonymous_0)","decl":{"start":{"line":4,"column":23},"end":{"line":4,"column":24}},"loc":{"start":{"line":4,"column":39},"end":{"line":6,"column":1}},"line":4}},"branchMap":{"0":{"loc":{"start":{"line":5,"column":9},"end":{"line":5,"column":68}},"type":"cond-expr","locations":[{"start":{"line":5,"column":33},"end":{"line":5,"column":61}},{"start":{"line":5,"column":64},"end":{"line":5,"column":68}}],"line":5}},"s":{"0":1,"1":1,"2":1,"3":8,"4":1},"f":{"0":8},"b":{"0":[6,0]},"_coverageSchema":"43e27e138ebf9cfc5966b082cf9a028302ed4184","hash":"922bdc6e23649d2d843c75f13719cd90f43bd51c"}
,"/Users/tylercaceres/code/multiple-faker/dist/functions/create.js": {"path":"/Users/tylercaceres/code/multiple-faker/dist/functions/create.js","statementMap":{"0":{"start":{"line":1,"column":14},"end":{"line":1,"column":30}},"1":{"start":{"line":3,"column":25},"end":{"line":14,"column":1}},"2":{"start":{"line":4,"column":19},"end":{"line":4,"column":21}},"3":{"start":{"line":5,"column":2},"end":{"line":12,"column":3}},"4":{"start":{"line":5,"column":15},"end":{"line":5,"column":16}},"5":{"start":{"line":6,"column":4},"end":{"line":6,"column":21}},"6":{"start":{"line":7,"column":4},"end":{"line":11,"column":5}},"7":{"start":{"line":8,"column":6},"end":{"line":10,"column":7}},"8":{"start":{"line":9,"column":8},"end":{"line":9,"column":54}},"9":{"start":{"line":13,"column":2},"end":{"line":13,"column":18}},"10":{"start":{"line":16,"column":0},"end":{"line":16,"column":38}}},"fnMap":{"0":{"name":"(anonymous_0)","decl":{"start":{"line":3,"column":25},"end":{"line":3,"column":26}},"loc":{"start":{"line":3,"column":41},"end":{"line":14,"column":1}},"line":3}},"branchMap":{},"s":{"0":2,"1":2,"2":15,"3":15,"4":15,"5":515,"6":515,"7":1545,"8":2575,"9":15,"10":2},"f":{"0":15},"b":{},"_coverageSchema":"43e27e138ebf9cfc5966b082cf9a028302ed4184","hash":"180b94ece6d629ee917ae9b08ccd6177c88efbae"}
,"/Users/tylercaceres/code/multiple-faker/dist/functions/mockData.js": {"path":"/Users/tylercaceres/code/multiple-faker/dist/functions/mockData.js","statementMap":{"0":{"start":{"line":1,"column":14},"end":{"line":5,"column":1}},"1":{"start":{"line":7,"column":14},"end":{"line":11,"column":1}},"2":{"start":{"line":13,"column":14},"end":{"line":17,"column":1}},"3":{"start":{"line":19,"column":14},"end":{"line":19,"column":15}},"4":{"start":{"line":20,"column":14},"end":{"line":20,"column":15}},"5":{"start":{"line":21,"column":14},"end":{"line":21,"column":17}},"6":{"start":{"line":23,"column":0},"end":{"line":23,"column":62}}},"fnMap":{},"branchMap":{},"s":{"0":3,"1":3,"2":3,"3":3,"4":3,"5":3,"6":3},"f":{},"b":{},"_coverageSchema":"43e27e138ebf9cfc5966b082cf9a028302ed4184","hash":"247ed2752166544420b1b5a0ac9c052e7b90c1c0"}
,"/Users/tylercaceres/code/multiple-faker/dist/functions/verify.js": {"path":"/Users/tylercaceres/code/multiple-faker/dist/functions/verify.js","statementMap":{"0":{"start":{"line":1,"column":14},"end":{"line":1,"column":30}},"1":{"start":{"line":3,"column":29},"end":{"line":10,"column":1}},"2":{"start":{"line":4,"column":2},"end":{"line":6,"column":3}},"3":{"start":{"line":5,"column":4},"end":{"line":5,"column":67}},"4":{"start":{"line":7,"column":2},"end":{"line":9,"column":3}},"5":{"start":{"line":8,"column":4},"end":{"line":8,"column":43}},"6":{"start":{"line":12,"column":32},"end":{"line":16,"column":1}},"7":{"start":{"line":13,"column":2},"end":{"line":15,"column":3}},"8":{"start":{"line":14,"column":4},"end":{"line":14,"column":99}},"9":{"start":{"line":18,"column":24},"end":{"line":23,"column":1}},"10":{"start":{"line":19,"column":2},"end":{"line":21,"column":3}},"11":{"start":{"line":20,"column":4},"end":{"line":20,"column":43}},"12":{"start":{"line":22,"column":2},"end":{"line":22,"column":14}},"13":{"start":{"line":25,"column":0},"end":{"line":25,"column":37}}},"fnMap":{"0":{"name":"(anonymous_0)","decl":{"start":{"line":3,"column":29},"end":{"line":3,"column":30}},"loc":{"start":{"line":3,"column":52},"end":{"line":10,"column":1}},"line":3},"1":{"name":"(anonymous_1)","decl":{"start":{"line":12,"column":32},"end":{"line":12,"column":33}},"loc":{"start":{"line":12,"column":51},"end":{"line":16,"column":1}},"line":12},"2":{"name":"(anonymous_2)","decl":{"start":{"line":18,"column":24},"end":{"line":18,"column":25}},"loc":{"start":{"line":18,"column":34},"end":{"line":23,"column":1}},"line":18}},"branchMap":{"0":{"loc":{"start":{"line":4,"column":2},"end":{"line":6,"column":3}},"type":"if","locations":[{"start":{"line":4,"column":2},"end":{"line":6,"column":3}},{"start":{"line":4,"column":2},"end":{"line":6,"column":3}}],"line":4},"1":{"loc":{"start":{"line":13,"column":2},"end":{"line":15,"column":3}},"type":"if","locations":[{"start":{"line":13,"column":2},"end":{"line":15,"column":3}},{"start":{"line":13,"column":2},"end":{"line":15,"column":3}}],"line":13}},"s":{"0":2,"1":2,"2":31,"3":2,"4":29,"5":53,"6":2,"7":53,"8":2,"9":2,"10":11,"11":31,"12":7,"13":2},"f":{"0":31,"1":53,"2":11},"b":{"0":[2,29],"1":[2,51]},"_coverageSchema":"43e27e138ebf9cfc5966b082cf9a028302ed4184","hash":"c144fbc358988f5324355b115729d4d4095610ca"}
}
