TN:
SF:/Users/tylercaceres/code/multiple-faker/dist/index.js
FN:4,(anonymous_0)
FNF:1
FNH:1
FNDA:8,(anonymous_0)
DA:1,1
DA:2,1
DA:4,1
DA:5,8
DA:8,1
LF:5
LH:5
BRDA:5,0,0,6
BRDA:5,0,1,0
BRF:2
BRH:1
end_of_record
TN:
SF:/Users/tylercaceres/code/multiple-faker/dist/functions/create.js
FN:3,(anonymous_0)
FNF:1
FNH:1
FNDA:15,(anonymous_0)
DA:1,2
DA:3,2
DA:4,15
DA:5,15
DA:6,515
DA:7,515
DA:8,1545
DA:9,2575
DA:13,15
DA:16,2
LF:10
LH:10
BRF:0
BRH:0
end_of_record
TN:
SF:/Users/tylercaceres/code/multiple-faker/dist/functions/mockData.js
FNF:0
FNH:0
DA:1,3
DA:7,3
DA:13,3
DA:19,3
DA:20,3
DA:21,3
DA:23,3
LF:7
LH:7
BRF:0
BRH:0
end_of_record
TN:
SF:/Users/tylercaceres/code/multiple-faker/dist/functions/verify.js
FN:3,(anonymous_0)
FN:12,(anonymous_1)
FN:18,(anonymous_2)
FNF:3
FNH:3
FNDA:31,(anonymous_0)
FNDA:53,(anonymous_1)
FNDA:11,(anonymous_2)
DA:1,2
DA:3,2
DA:4,31
DA:5,2
DA:7,29
DA:8,53
DA:12,2
DA:13,53
DA:14,2
DA:18,2
DA:19,11
DA:20,31
DA:22,7
DA:25,2
LF:14
LH:14
BRDA:4,0,0,2
BRDA:4,0,1,29
BRDA:13,1,0,2
BRDA:13,1,1,51
BRF:4
BRH:4
end_of_record
